<?xml version="1.0" encoding="UTF-8"?>
<!-- Generated by org.testng.reporters.JUnitReportReporter -->
<testsuite hostname="LAPTOP-ACNC7J37" failures="0" tests="3" name="clickacademy.javamaven.AppiumTest" time="0.012" errors="0" timestamp="2020-12-03T11:54:57 IST" skipped="0">
  <testcase classname="clickacademy.javamaven.AppiumTest" name="Apptest" time="0.009"/>
  <system-out/>
  <testcase classname="clickacademy.javamaven.AppiumTest" name="android" time="0.001"/>
  <system-out/>
  <testcase classname="clickacademy.javamaven.AppiumTest" name="netliveandroid" time="0.002"/>
  <system-out/>
</testsuite> <!-- clickacademy.javamaven.AppiumTest -->
