<?xml version="1.0" encoding="UTF-8"?>
<!-- Generated by org.testng.reporters.JUnitReportReporter -->
<testsuite hostname="LAPTOP-ACNC7J37" failures="0" tests="3" name="clickacademy.javamaven.AppiumTest" time="0.006" errors="0" timestamp="06 Dec 2020 06:16:02 GMT" skipped="0">
  <testcase classname="clickacademy.javamaven.AppiumTest" name="netliveandroid" time="0.000"/>
  <testcase classname="clickacademy.javamaven.AppiumTest" name="android" time="0.001"/>
  <testcase classname="clickacademy.javamaven.AppiumTest" name="Apptest" time="0.005"/>
</testsuite> <!-- clickacademy.javamaven.AppiumTest -->
