<?xml version="1.0" encoding="UTF-8"?>
<!-- Generated by org.testng.reporters.JUnitReportReporter -->
<testsuite hostname="LAPTOP-ACNC7J37" failures="0" tests="3" name="clickacademy.javamaven.SeleniumTest" time="0.002" errors="0" timestamp="06 Dec 2020 06:16:02 GMT" skipped="0">
  <testcase classname="clickacademy.javamaven.SeleniumTest" name="Automation" time="0.001"/>
  <testcase classname="clickacademy.javamaven.SeleniumTest" name="elementsUI" time="0.001"/>
  <testcase classname="clickacademy.javamaven.SeleniumTest" name="BrowserAutomation" time="0.000"/>
</testsuite> <!-- clickacademy.javamaven.SeleniumTest -->
